<?xml version="1.0" encoding="UTF-8"?>
<!-- Generated by org.testng.reporters.JUnitXMLReporter -->
<testsuite ignored="0" hostname="LAPTOP-88OL1HSR" failures="0" tests="3" name="Login Test" time="9.958" errors="0" timestamp="2024-09-14T00:10:43 IST">
  <testcase classname="com.Automations.Tests.LoginTest" name="validloginTest" time="4.708"/>
  <testcase classname="com.Automations.Tests.LoginTest" name="validloginTest" time="2.319"/>
  <testcase classname="com.Automations.Tests.LoginTest" name="invalidLoginTest" time="2.235"/>
</testsuite> <!-- Login Test -->
