<?xml version="1.0" encoding="UTF-8"?>
<testng-results ignored="0" total="3" passed="3" failed="0" skipped="0">
  <reporter-output>
  </reporter-output>
  <suite started-at="2024-09-14T09:28:55 IST" name="Suite" finished-at="2024-09-14T09:29:04 IST" duration-ms="9140">
    <groups>
    </groups>
    <test started-at="2024-09-14T09:28:55 IST" name="Login Test" finished-at="2024-09-14T09:29:04 IST" duration-ms="9140">
      <class name="com.Automations.Tests.LoginTest">
        <test-method signature="validloginTest(java.lang.String,java.lang.String)[pri:1, instance:com.Automations.Tests.LoginTest@4afcd809]" started-at="2024-09-14T09:28:55 IST" name="validloginTest" data-provider="getValidData" finished-at="2024-09-14T09:28:59 IST" duration-ms="4540" status="PASS">
          <params>
            <param index="0">
              <value>
                <![CDATA[standard_user]]>
              </value>
            </param>
            <param index="1">
              <value>
                <![CDATA[secret_sauce]]>
              </value>
            </param>
          </params>
          <reporter-output>
          </reporter-output>
        </test-method> <!-- validloginTest -->
        <test-method is-config="true" signature="tearDown()[pri:0, instance:com.Automations.Tests.LoginTest@4afcd809]" started-at="2024-09-14T09:28:59 IST" name="tearDown" finished-at="2024-09-14T09:28:59 IST" duration-ms="234" status="PASS">
          <reporter-output>
          </reporter-output>
        </test-method> <!-- tearDown -->
        <test-method signature="validloginTest(java.lang.String,java.lang.String)[pri:1, instance:com.Automations.Tests.LoginTest@4afcd809]" started-at="2024-09-14T09:28:59 IST" name="validloginTest" data-provider="getValidData" finished-at="2024-09-14T09:29:01 IST" duration-ms="2039" status="PASS">
          <params>
            <param index="0">
              <value>
                <![CDATA[visual_user]]>
              </value>
            </param>
            <param index="1">
              <value>
                <![CDATA[secret_sauce]]>
              </value>
            </param>
          </params>
          <reporter-output>
          </reporter-output>
        </test-method> <!-- validloginTest -->
        <test-method is-config="true" signature="tearDown()[pri:0, instance:com.Automations.Tests.LoginTest@4afcd809]" started-at="2024-09-14T09:29:01 IST" name="tearDown" finished-at="2024-09-14T09:29:02 IST" duration-ms="190" status="PASS">
          <reporter-output>
          </reporter-output>
        </test-method> <!-- tearDown -->
        <test-method signature="invalidLoginTest(java.lang.String,java.lang.String)[pri:2, instance:com.Automations.Tests.LoginTest@4afcd809]" started-at="2024-09-14T09:29:02 IST" name="invalidLoginTest" data-provider="getInvalidData" finished-at="2024-09-14T09:29:04 IST" duration-ms="1891" status="PASS">
          <params>
            <param index="0">
              <value>
                <![CDATA[invalid_user]]>
              </value>
            </param>
            <param index="1">
              <value>
                <![CDATA[secret_sauce]]>
              </value>
            </param>
          </params>
          <reporter-output>
          </reporter-output>
        </test-method> <!-- invalidLoginTest -->
        <test-method is-config="true" signature="tearDown()[pri:0, instance:com.Automations.Tests.LoginTest@4afcd809]" started-at="2024-09-14T09:29:04 IST" name="tearDown" finished-at="2024-09-14T09:29:04 IST" duration-ms="196" status="PASS">
          <reporter-output>
          </reporter-output>
        </test-method> <!-- tearDown -->
      </class> <!-- com.Automations.Tests.LoginTest -->
    </test> <!-- Login Test -->
  </suite> <!-- Suite -->
</testng-results>
